[14:53:10] [main/INFO]: Loading Minecraft 1.20.4 with Fabric Loader 0.15.11
[14:53:10] [main/INFO]: Loading 55 mods:
	- fabric-api 0.97.1+1.20.4
	   |-- fabric-api-base 0.4.37+78d798af4f
	   |-- fabric-api-lookup-api-v1 1.6.50+82b1bb3e4f
	   |-- fabric-biome-api-v1 13.0.17+78d798af4f
	   |-- fabric-block-api-v1 1.0.17+3e2216cb4f
	   |-- fabric-block-view-api-v2 1.0.5+78d798af4f
	   |-- fabric-blockrenderlayer-v1 1.1.47+78d798af4f
	   |-- fabric-client-tags-api-v1 1.1.8+78d798af4f
	   |-- fabric-command-api-v1 1.2.42+f71b366f4f
	   |-- fabric-command-api-v2 2.2.21+78d798af4f
	   |-- fabric-commands-v0 0.2.59+df3654b34f
	   |-- fabric-containers-v0 0.1.87+df3654b34f
	   |-- fabric-content-registries-v0 5.0.16+78d798af4f
	   |-- fabric-convention-tags-v1 1.5.11+78d798af4f
	   |-- fabric-crash-report-info-v1 0.2.24+78d798af4f
	   |-- fabric-data-attachment-api-v1 1.1.5+b90db5744f
	   |-- fabric-data-generation-api-v1 13.2.5+5c0133444f
	   |-- fabric-dimensions-v1 2.1.63+6605d1a84f
	   |-- fabric-entity-events-v1 1.6.2+09fc25014f
	   |-- fabric-events-interaction-v0 0.7.2+389931eb4f
	   |-- fabric-events-lifecycle-v0 0.2.75+df3654b34f
	   |-- fabric-game-rule-api-v1 1.0.47+78d798af4f
	   |-- fabric-item-api-v1 2.3.0+bcdd12964f
	   |-- fabric-item-group-api-v1 4.0.27+ee30b13a4f
	   |-- fabric-key-binding-api-v1 1.0.42+78d798af4f
	   |-- fabric-keybindings-v0 0.2.40+df3654b34f
	   |-- fabric-lifecycle-events-v1 2.3.1+a67ffb5d4f
	   |-- fabric-loot-api-v2 2.1.10+78d798af4f
	   |-- fabric-message-api-v1 6.0.6+78d798af4f
	   |-- fabric-mining-level-api-v1 2.1.66+78d798af4f
	   |-- fabric-model-loading-api-v1 1.0.9+78d798af4f
	   |-- fabric-models-v0 0.4.8+9386d8a74f
	   |-- fabric-networking-api-v1 3.1.8+2e5ac5484f
	   |-- fabric-object-builder-api-v1 13.1.0+dba1195c4f
	   |-- fabric-particles-v1 1.1.8+78d798af4f
	   |-- fabric-recipe-api-v1 2.0.21+78d798af4f
	   |-- fabric-registry-sync-v0 4.0.20+ee30b13a4f
	   |-- fabric-renderer-api-v1 3.2.5+78d798af4f
	   |-- fabric-renderer-indigo 1.5.6+d331d3144f
	   |-- fabric-renderer-registries-v1 3.2.54+df3654b34f
	   |-- fabric-rendering-data-attachment-v1 0.3.43+73761d2e4f
	   |-- fabric-rendering-fluids-v1 3.1.2+e761c6694f
	   |-- fabric-rendering-v0 1.1.57+df3654b34f
	   |-- fabric-rendering-v1 3.2.1+6fd945a04f
	   |-- fabric-resource-conditions-api-v1 2.3.15+78d798af4f
	   |-- fabric-resource-loader-v0 0.11.21+ee30b13a4f
	   |-- fabric-screen-api-v1 2.0.18+78d798af4f
	   |-- fabric-screen-handler-api-v1 1.3.56+78d798af4f
	   |-- fabric-sound-api-v1 1.0.18+78d798af4f
	   |-- fabric-transfer-api-v1 4.0.12+90f2d7b14f
	   \-- fabric-transitive-access-wideners-v1 5.0.15+78d798af4f
	- fabric-language-kotlin 1.11.0+kotlin.2.0.0
	   |-- org_jetbrains_kotlin_kotlin-reflect 2.0.0
	   |-- org_jetbrains_kotlin_kotlin-stdlib 2.0.0
	   |-- org_jetbrains_kotlin_kotlin-stdlib-jdk7 2.0.0
	   |-- org_jetbrains_kotlin_kotlin-stdlib-jdk8 2.0.0
	   |-- org_jetbrains_kotlinx_atomicfu-jvm 0.24.0
	   |-- org_jetbrains_kotlinx_kotlinx-coroutines-core-jvm 1.8.1
	   |-- org_jetbrains_kotlinx_kotlinx-coroutines-jdk8 1.8.1
	   |-- org_jetbrains_kotlinx_kotlinx-datetime-jvm 0.6.0
	   |-- org_jetbrains_kotlinx_kotlinx-serialization-cbor-jvm 1.6.3
	   |-- org_jetbrains_kotlinx_kotlinx-serialization-core-jvm 1.6.3
	   \-- org_jetbrains_kotlinx_kotlinx-serialization-json-jvm 1.6.3
	- fabricloader 0.15.11
	   \-- mixinextras 0.3.5
	- fabricord 3.9.8
	- java 21
	- minecraft 1.20.4
[14:53:10] [main/INFO]: SpongePowered MIXIN Subsystem Version=0.8.5 Source=file:/C:/Users/main/Desktop/Minecraft/Minecraft%20Server/1.20.4/libraries/net/fabricmc/sponge-mixin/0.13.3+mixin.0.8.5/sponge-mixin-0.13.3+mixin.0.8.5.jar Service=Knot/Fabric Env=SERVER
[14:53:10] [main/INFO]: Compatibility level set to JAVA_17
[14:53:10] [main/INFO]: Compatibility level set to JAVA_21
[14:53:11] [main/WARN]: Error loading class: net/minecraft/advancement/PlayerAdvancementTracker (java.lang.ClassNotFoundException: net/minecraft/advancement/PlayerAdvancementTracker)
[14:53:11] [main/WARN]: @Mixin target net.minecraft.advancement.PlayerAdvancementTracker was not found fabricord.mixins.json:PlayerAdvancementTrackerMixin from mod fabricord
[14:53:11] [main/WARN]: Error loading class: net/minecraft/server/network/ServerPlayerEntity (java.lang.ClassNotFoundException: net/minecraft/server/network/ServerPlayerEntity)
[14:53:11] [main/WARN]: @Mixin target net.minecraft.server.network.ServerPlayerEntity was not found fabricord.mixins.json:ServerPlayerEntityMixin from mod fabricord
[14:53:11] [main/WARN]: Error loading class: net/minecraft/server/network/ServerPlayNetworkHandler (java.lang.ClassNotFoundException: net/minecraft/server/network/ServerPlayNetworkHandler)
[14:53:11] [main/WARN]: @Mixin target net.minecraft.server.network.ServerPlayNetworkHandler was not found fabricord.mixins.json:ServerPlayNetworkHandlerMixin from mod fabricord
[14:53:11] [main/WARN]: Error loading class: net/minecraft/server/PlayerManager (java.lang.ClassNotFoundException: net/minecraft/server/PlayerManager)
[14:53:11] [main/WARN]: @Mixin target net.minecraft.server.PlayerManager was not found fabricord.mixins.json:PlayerManagerMixin from mod fabricord
[14:53:11] [main/INFO]: Initializing MixinExtras via com.llamalad7.mixinextras.service.MixinExtrasServiceImpl(version=0.3.5).
[14:53:17] [main/INFO]: Registered event hook for ServerInitEvent with priority HIGHEST
[14:53:17] [main/INFO]: Registered event hook for ServerStartEvent with priority HIGHEST
[14:53:17] [main/INFO]: Registered event hook for ServerShutdownEvent with priority HIGHEST
[14:53:17] [main/INFO]: EventBus initialized
[14:53:17] [main/INFO]: Environment: Environment[sessionHost=https://sessionserver.mojang.com, servicesHost=https://api.minecraftservices.com, name=PROD]
[14:53:19] [main/INFO]: Loaded 7 recipes
[14:53:19] [main/INFO]: Loaded 1271 advancements
[14:53:19] [main/INFO]: Applied 0 biome modifications to 0 of 64 new biomes in 1.842 ms
[14:53:19] [pool-2-thread-1/INFO]: Initializing Fabricord v3.9.8
[14:53:19] [pool-2-thread-1/INFO]: Registered event hook for DiscordMessageReceiveEvent with priority NORMAL
[14:53:19] [pool-2-thread-1/INFO]: Registered event hook for DiscordMCPlayerMentionEvent with priority NORMAL
[14:53:19] [pool-2-thread-1/INFO]: Registered event hook for PlayerJoinEvent with priority NORMAL
[14:53:19] [pool-2-thread-1/INFO]: Registered event hook for PlayerLeaveEvent with priority NORMAL
[14:53:19] [pool-2-thread-1/INFO]: Registered event hook for PlayerDeathEvent with priority NORMAL
[14:53:19] [pool-2-thread-1/INFO]: Registered event hook for PlayerChatEvent with priority NORMAL
[14:53:19] [pool-2-thread-1/INFO]: Registered event hook for PlayerGrantCriterionEvent with priority NORMAL
[14:53:19] [pool-2-thread-1/INFO]: Loading config file...
[14:53:19] [Server thread/INFO]: Starting minecraft server version 1.20.4
[14:53:19] [Server thread/INFO]: Loading properties
[14:53:19] [Server thread/INFO]: Default game type: SURVIVAL
[14:53:19] [Server thread/INFO]: Generating keypair
[14:53:19] [Server thread/INFO]: Starting Minecraft server on *:25565
[14:53:19] [Server thread/INFO]: Using default channel type
[14:53:20] [Server thread/INFO]: Preparing level "world"
[14:53:20] [Server thread/INFO]: Preparing start region for dimension minecraft:overworld
[14:53:22] [Worker-Main-1/INFO]: Preparing spawn area: 0%
[14:53:22] [Worker-Main-1/INFO]: Preparing spawn area: 0%
[14:53:22] [Worker-Main-1/INFO]: Preparing spawn area: 0%
[14:53:22] [Worker-Main-1/INFO]: Preparing spawn area: 0%
[14:53:22] [Worker-Main-2/INFO]: Preparing spawn area: 25%
[14:53:23] [Server thread/INFO]: Time elapsed: 2394 ms
[14:53:23] [Server thread/INFO]: Done (3.193s)! For help, type "help"
[14:53:23] [pool-2-thread-1/INFO]: Starting Fabricord v3.9.8
[14:53:23] [pool-2-thread-1/INFO]: Login Successful!
[14:53:24] [JDA MainWS-ReadThread/INFO]: Connected to WebSocket
[14:53:24] [JDA MainWS-ReadThread/INFO]: Finished Loading!
[14:53:24] [pool-2-thread-1/INFO]: Discord bot is now online
[14:53:25] [JDA MainWS-ReadThread/ERROR]: One of the EventListeners had an uncaught exception
java.lang.NoSuchMethodError: 'net.minecraft.server.PlayerManager net.minecraft.server.MinecraftServer.getPlayerManager()'
	at net.rk4z.fabricord.discord.DiscordBotManager$discordListener$1.onMessageReceived(DiscordBotManager.kt:103) ~[Fabricord-3.9.8.jar:?]
	at net.dv8tion.jda.api.hooks.ListenerAdapter.onEvent(ListenerAdapter.java:463) ~[Fabricord-3.9.8.jar:?]
	at net.dv8tion.jda.api.hooks.InterfacedEventManager.handle(InterfacedEventManager.java:98) ~[Fabricord-3.9.8.jar:?]
	at net.dv8tion.jda.internal.hooks.EventManagerProxy.handleInternally(EventManagerProxy.java:88) ~[Fabricord-3.9.8.jar:?]
	at net.dv8tion.jda.internal.hooks.EventManagerProxy.handle(EventManagerProxy.java:70) ~[Fabricord-3.9.8.jar:?]
	at net.dv8tion.jda.internal.JDAImpl.handleEvent(JDAImpl.java:169) ~[Fabricord-3.9.8.jar:?]
	at net.dv8tion.jda.internal.handle.MessageCreateHandler.handleInternally(MessageCreateHandler.java:138) ~[Fabricord-3.9.8.jar:?]
	at net.dv8tion.jda.internal.handle.SocketHandler.handle(SocketHandler.java:39) ~[Fabricord-3.9.8.jar:?]
	at net.dv8tion.jda.internal.requests.WebSocketClient.onDispatch(WebSocketClient.java:1009) ~[Fabricord-3.9.8.jar:?]
	at net.dv8tion.jda.internal.requests.WebSocketClient.onEvent(WebSocketClient.java:892) ~[Fabricord-3.9.8.jar:?]
	at net.dv8tion.jda.internal.requests.WebSocketClient.handleEvent(WebSocketClient.java:870) ~[Fabricord-3.9.8.jar:?]
	at net.dv8tion.jda.internal.requests.WebSocketClient.onBinaryMessage(WebSocketClient.java:1048) ~[Fabricord-3.9.8.jar:?]
	at com.neovisionaries.ws.client.ListenerManager.callOnBinaryMessage(ListenerManager.java:385) ~[Fabricord-3.9.8.jar:?]
	at com.neovisionaries.ws.client.ReadingThread.callOnBinaryMessage(ReadingThread.java:276) ~[Fabricord-3.9.8.jar:?]
	at com.neovisionaries.ws.client.ReadingThread.handleBinaryFrame(ReadingThread.java:996) ~[Fabricord-3.9.8.jar:?]
	at com.neovisionaries.ws.client.ReadingThread.handleFrame(ReadingThread.java:755) ~[Fabricord-3.9.8.jar:?]
	at com.neovisionaries.ws.client.ReadingThread.main(ReadingThread.java:108) ~[Fabricord-3.9.8.jar:?]
	at com.neovisionaries.ws.client.ReadingThread.runMain(ReadingThread.java:64) ~[Fabricord-3.9.8.jar:?]
	at com.neovisionaries.ws.client.WebSocketThread.run(WebSocketThread.java:45) ~[Fabricord-3.9.8.jar:?]
[14:53:25] [JDA MainWS-ReadThread/ERROR]: There was an error in the WebSocket connection. Trace: [["gateway-prd-us-east1-c-bmbn",{"micros":106673,"calls":["id_created",{"micros":1065,"calls":[]},"session_lookup_time",{"micros":850,"calls":[]},"session_lookup_finished",{"micros":14,"calls":[]},"discord-sessions-prd-1-113",{"micros":104326,"calls":["start_session",{"micros":42058,"calls":["discord-api-rpc-6c9f88bc66-hcf6b",{"micros":35510,"calls":["get_user",{"micros":4468},"get_guilds",{"micros":5683},"send_scheduled_deletion_message",{"micros":6},"guild_join_requests",{"micros":1},"authorized_ip_coro",{"micros":9}]}]},"starting_guild_connect",{"micros":244,"calls":[]},"presence_started",{"micros":24781,"calls":[]},"guilds_started",{"micros":91,"calls":[]},"guilds_connect",{"micros":1,"calls":[]},"presence_connect",{"micros":37120,"calls":[]},"connect_finished",{"micros":37126,"calls":[]},"build_ready",{"micros":20,"calls":[]},"clean_ready",{"micros":1,"calls":[]},"optimize_ready",{"micros":0,"calls":[]},"split_ready",{"micros":1,"calls":[]}]}]}]]
java.lang.NoSuchMethodError: 'net.minecraft.server.PlayerManager net.minecraft.server.MinecraftServer.getPlayerManager()'
	at net.rk4z.fabricord.discord.DiscordBotManager$discordListener$1.onMessageReceived(DiscordBotManager.kt:103) ~[Fabricord-3.9.8.jar:?]
	at net.dv8tion.jda.api.hooks.ListenerAdapter.onEvent(ListenerAdapter.java:463) ~[Fabricord-3.9.8.jar:?]
	at net.dv8tion.jda.api.hooks.InterfacedEventManager.handle(InterfacedEventManager.java:98) ~[Fabricord-3.9.8.jar:?]
	at net.dv8tion.jda.internal.hooks.EventManagerProxy.handleInternally(EventManagerProxy.java:88) ~[Fabricord-3.9.8.jar:?]
	at net.dv8tion.jda.internal.hooks.EventManagerProxy.handle(EventManagerProxy.java:70) ~[Fabricord-3.9.8.jar:?]
	at net.dv8tion.jda.internal.JDAImpl.handleEvent(JDAImpl.java:169) ~[Fabricord-3.9.8.jar:?]
	at net.dv8tion.jda.internal.handle.MessageCreateHandler.handleInternally(MessageCreateHandler.java:138) ~[Fabricord-3.9.8.jar:?]
	at net.dv8tion.jda.internal.handle.SocketHandler.handle(SocketHandler.java:39) ~[Fabricord-3.9.8.jar:?]
	at net.dv8tion.jda.internal.requests.WebSocketClient.onDispatch(WebSocketClient.java:1009) ~[Fabricord-3.9.8.jar:?]
	at net.dv8tion.jda.internal.requests.WebSocketClient.onEvent(WebSocketClient.java:892) ~[Fabricord-3.9.8.jar:?]
	at net.dv8tion.jda.internal.requests.WebSocketClient.handleEvent(WebSocketClient.java:870) ~[Fabricord-3.9.8.jar:?]
	at net.dv8tion.jda.internal.requests.WebSocketClient.onBinaryMessage(WebSocketClient.java:1048) ~[Fabricord-3.9.8.jar:?]
	at com.neovisionaries.ws.client.ListenerManager.callOnBinaryMessage(ListenerManager.java:385) ~[Fabricord-3.9.8.jar:?]
	at com.neovisionaries.ws.client.ReadingThread.callOnBinaryMessage(ReadingThread.java:276) ~[Fabricord-3.9.8.jar:?]
	at com.neovisionaries.ws.client.ReadingThread.handleBinaryFrame(ReadingThread.java:996) ~[Fabricord-3.9.8.jar:?]
	at com.neovisionaries.ws.client.ReadingThread.handleFrame(ReadingThread.java:755) ~[Fabricord-3.9.8.jar:?]
	at com.neovisionaries.ws.client.ReadingThread.main(ReadingThread.java:108) ~[Fabricord-3.9.8.jar:?]
	at com.neovisionaries.ws.client.ReadingThread.runMain(ReadingThread.java:64) ~[Fabricord-3.9.8.jar:?]
	at com.neovisionaries.ws.client.WebSocketThread.run(WebSocketThread.java:45) ~[Fabricord-3.9.8.jar:?]
[14:55:33] [User Authenticator #1/INFO]: UUID of player Inf_Ruxy is 13d8f1d2-055e-49c3-97f2-ca7a431c9aaf
[14:55:33] [Server thread/INFO]: Inf_Ruxy[/127.0.0.1:51996] logged in with entity id 125 at (-4.5, 103.0, -5.5)
[14:55:33] [Server thread/INFO]: Inf_Ruxy joined the game
[14:55:46] [Server thread/INFO]: <Inf_Ruxy> a
[14:55:51] [Server thread/INFO]: Inf_Ruxy lost connection: Disconnected
[14:55:51] [Server thread/INFO]: Inf_Ruxy left the game
[14:55:57] [Server thread/INFO]: Unknown or incomplete command, see below for error
[14:55:57] [Server thread/INFO]: stop<--[HERE]
[14:56:00] [Server thread/INFO]: Stopping the server
[14:56:01] [pool-2-thread-2/INFO]: Stopping Fabricord v3.9.8
[14:56:01] [pool-2-thread-2/INFO]: Discord bot has been shutdown
[14:56:01] [pool-2-thread-2/INFO]: Dumping logs to file. Please wait...
[14:56:11] [pool-2-thread-2/INFO]: EventBus shutdown
[14:56:11] [Server thread/INFO]: Stopping server
[14:56:11] [Server thread/INFO]: Saving players
[14:56:11] [Server thread/INFO]: Saving worlds
[14:56:11] [Server thread/INFO]: Saving chunks for level 'ServerLevel[world]'/minecraft:overworld
[14:56:11] [Server thread/INFO]: Saving chunks for level 'ServerLevel[world]'/minecraft:the_end
[14:56:11] [Server thread/INFO]: Saving chunks for level 'ServerLevel[world]'/minecraft:the_nether
[14:56:11] [Server thread/INFO]: ThreadedAnvilChunkStorage (world): All chunks are saved
[14:56:11] [Server thread/INFO]: ThreadedAnvilChunkStorage (DIM1): All chunks are saved
[14:56:11] [Server thread/INFO]: ThreadedAnvilChunkStorage (DIM-1): All chunks are saved
[14:56:11] [Server thread/INFO]: ThreadedAnvilChunkStorage: All dimensions are saved
[14:56:11] [Thread-2/INFO]: EventBus shutdown
