[11:59:55] [main/INFO] (FabricLoader/GameProvider) Loading Minecraft 1.20.4 with Fabric Loader 0.15.11
[11:59:56] [main/INFO] (FabricLoader) Loading 45 mods:
	- fabric-api 0.97.1+1.20.4
	- fabric-api-base 0.4.37+78d798af4f
	- fabric-api-lookup-api-v1 1.6.50+82b1bb3e4f
	- fabric-biome-api-v1 13.0.17+78d798af4f
	- fabric-block-api-v1 1.0.17+3e2216cb4f
	- fabric-block-view-api-v2 1.0.5+78d798af4f
	- fabric-command-api-v1 1.2.42+f71b366f4f
	- fabric-command-api-v2 2.2.21+78d798af4f
	- fabric-commands-v0 0.2.59+df3654b34f
	- fabric-containers-v0 0.1.87+df3654b34f
	- fabric-content-registries-v0 5.0.16+78d798af4f
	- fabric-convention-tags-v1 1.5.11+78d798af4f
	- fabric-crash-report-info-v1 0.2.24+78d798af4f
	- fabric-data-attachment-api-v1 1.1.5+b90db5744f
	- fabric-data-generation-api-v1 13.2.5+5c0133444f
	- fabric-dimensions-v1 2.1.63+6605d1a84f
	- fabric-entity-events-v1 1.6.2+09fc25014f
	- fabric-events-interaction-v0 0.7.2+389931eb4f
	- fabric-events-lifecycle-v0 0.2.75+df3654b34f
	- fabric-game-rule-api-v1 1.0.47+78d798af4f
	- fabric-gametest-api-v1 1.3.6+85d85a934f
	- fabric-item-api-v1 2.3.0+bcdd12964f
	- fabric-item-group-api-v1 4.0.27+ee30b13a4f
	- fabric-language-kotlin 1.11.0+kotlin.2.0.0
	- fabric-lifecycle-events-v1 2.3.1+a67ffb5d4f
	- fabric-loot-api-v2 2.1.10+78d798af4f
	- fabric-message-api-v1 6.0.6+78d798af4f
	- fabric-mining-level-api-v1 2.1.66+78d798af4f
	- fabric-networking-api-v1 3.1.8+2e5ac5484f
	- fabric-object-builder-api-v1 13.1.0+dba1195c4f
	- fabric-particles-v1 1.1.8+78d798af4f
	- fabric-recipe-api-v1 2.0.21+78d798af4f
	- fabric-registry-sync-v0 4.0.20+ee30b13a4f
	- fabric-rendering-data-attachment-v1 0.3.43+73761d2e4f
	- fabric-rendering-fluids-v1 3.1.2+e761c6694f
	- fabric-resource-conditions-api-v1 2.3.15+78d798af4f
	- fabric-resource-loader-v0 0.11.21+ee30b13a4f
	- fabric-screen-handler-api-v1 1.3.56+78d798af4f
	- fabric-transfer-api-v1 4.0.12+90f2d7b14f
	- fabric-transitive-access-wideners-v1 5.0.15+78d798af4f
	- fabricloader 0.15.11
	- fabricord 3.9.8
	- java 21
	- minecraft 1.20.4
	- mixinextras 0.3.5
[11:59:56] [main/INFO] (FabricLoader/Mixin) SpongePowered MIXIN Subsystem Version=0.8.5 Source=file:/C:/Users/main/.gradle/caches/modules-2/files-2.1/net.fabricmc/sponge-mixin/0.13.3+mixin.0.8.5/9527e6b0d2449408958fd1302594dc65ec5ade9c/sponge-mixin-0.13.3+mixin.0.8.5.jar Service=Knot/Fabric Env=SERVER
[11:59:56] [main/INFO] (FabricLoader/Mixin) Loaded Fabric development mappings for mixin remapper!
[11:59:56] [main/INFO] (FabricLoader/Mixin) Compatibility level set to JAVA_17
[11:59:56] [main/INFO] (FabricLoader/Mixin) Compatibility level set to JAVA_21
[11:59:57] [main/INFO] (FabricLoader/MixinExtras|Service) Initializing MixinExtras via com.llamalad7.mixinextras.service.MixinExtrasServiceImpl(version=0.3.5).
[12:00:09] [main/INFO] (fabric-networking-api-v1) Force Packet Serialization is enabled to mimic remote connection on single player, this is the default behaviour on dev env. Add -Dfabric-api.networking.force-packet-serialization=false JVM arg to disable it.
[12:00:11] [main/INFO] (EventBus) EventManager initialized
[12:00:11] [main/INFO] (Reflections) Reflections took 159 ms to scan 2 urls, producing 7 keys and 16 values
[12:00:11] [main/ERROR] (EventBus) Failed to register listener: net.rk4z.beacon.Listener
java.lang.IllegalArgumentException: Class should have a single no-arg constructor: class net.rk4z.beacon.Listener
	at kotlin.reflect.full.KClasses.createInstance(KClasses.kt:277) ~[kotlin-reflect-2.0.0.jar:2.0.0-release-341]
	at net.rk4z.beacon.EventBus.registerAllListeners(EventBus.kt:154) ~[beacon-1.2.5.jar:?]
	at net.rk4z.fabricord.Initializer.onInitialize(Initializer.kt:13) ~[main/:?]
	at net.fabricmc.loader.impl.FabricLoaderImpl.invokeEntrypoints(FabricLoaderImpl.java:384) ~[fabric-loader-0.15.11.jar:?]
	at net.fabricmc.loader.impl.game.minecraft.Hooks.startServer(Hooks.java:63) ~[fabric-loader-0.15.11.jar:?]
	at net.minecraft.server.Main.main(Main.java:109) ~[minecraft-merged-dd71698084-1.20.4-net.fabricmc.yarn.1_20_4.1.20.4+build.3.jar:?]
	at net.fabricmc.loader.impl.game.minecraft.MinecraftGameProvider.launch(MinecraftGameProvider.java:470) ~[fabric-loader-0.15.11.jar:?]
	at net.fabricmc.loader.impl.launch.knot.Knot.launch(Knot.java:74) ~[fabric-loader-0.15.11.jar:?]
	at net.fabricmc.loader.impl.launch.knot.KnotServer.main(KnotServer.java:23) ~[fabric-loader-0.15.11.jar:?]
	at net.fabricmc.devlaunchinjector.Main.main(Main.java:86) ~[dev-launch-injector-0.2.1+build.8.jar:?]
[12:00:11] [main/ERROR] (Minecraft) Failed to start the minecraft server
java.lang.RuntimeException: Could not execute entrypoint stage 'main' due to errors, provided by 'fabricord'!
	at net.fabricmc.loader.impl.FabricLoaderImpl.lambda$invokeEntrypoints$2(FabricLoaderImpl.java:388) ~[fabric-loader-0.15.11.jar:?]
	at net.fabricmc.loader.impl.util.ExceptionUtil.gatherExceptions(ExceptionUtil.java:33) ~[fabric-loader-0.15.11.jar:?]
	at net.fabricmc.loader.impl.FabricLoaderImpl.invokeEntrypoints(FabricLoaderImpl.java:386) ~[fabric-loader-0.15.11.jar:?]
	at net.fabricmc.loader.impl.game.minecraft.Hooks.startServer(Hooks.java:63) ~[fabric-loader-0.15.11.jar:?]
	at net.minecraft.server.Main.main(Main.java:109) ~[minecraft-merged-dd71698084-1.20.4-net.fabricmc.yarn.1_20_4.1.20.4+build.3.jar:?]
	at net.fabricmc.loader.impl.game.minecraft.MinecraftGameProvider.launch(MinecraftGameProvider.java:470) ~[fabric-loader-0.15.11.jar:?]
	at net.fabricmc.loader.impl.launch.knot.Knot.launch(Knot.java:74) ~[fabric-loader-0.15.11.jar:?]
	at net.fabricmc.loader.impl.launch.knot.KnotServer.main(KnotServer.java:23) ~[fabric-loader-0.15.11.jar:?]
	at net.fabricmc.devlaunchinjector.Main.main(Main.java:86) ~[dev-launch-injector-0.2.1+build.8.jar:?]
Caused by: java.lang.ExceptionInInitializerError
	at jdk.internal.misc.Unsafe.ensureClassInitialized0(Native Method) ~[?:?]
	at jdk.internal.misc.Unsafe.ensureClassInitialized(Unsafe.java:1160) ~[?:?]
	at jdk.internal.reflect.MethodHandleAccessorFactory.ensureClassInitialized(MethodHandleAccessorFactory.java:300) ~[?:?]
	at jdk.internal.reflect.MethodHandleAccessorFactory.newFieldAccessor(MethodHandleAccessorFactory.java:140) ~[?:?]
	at jdk.internal.reflect.ReflectionFactory.newFieldAccessor(ReflectionFactory.java:145) ~[?:?]
	at java.lang.reflect.Field.acquireFieldAccessor(Field.java:1185) ~[?:?]
	at java.lang.reflect.Field.getFieldAccessor(Field.java:1164) ~[?:?]
	at java.lang.reflect.Field.get(Field.java:442) ~[?:?]
	at kotlin.reflect.jvm.internal.KClassImpl$Data.objectInstance_delegate$lambda$11(KClassImpl.kt:128) ~[kotlin-reflect-2.0.0.jar:2.0.0-release-341]
	at kotlin.reflect.jvm.internal.KClassImpl$Data.accessor$KClassImpl$Data$lambda6(KClassImpl.kt) ~[kotlin-reflect-2.0.0.jar:2.0.0-release-341]
	at kotlin.reflect.jvm.internal.KClassImpl$Data$$Lambda$6.invoke(Unknown Source) ~[kotlin-reflect-2.0.0.jar:2.0.0-release-341]
	at kotlin.SafePublicationLazyImpl.getValue(LazyJVM.kt:107) ~[kotlin-stdlib-2.0.0.jar:2.0.0-release-341]
	at kotlin.reflect.jvm.internal.KClassImpl$Data.getObjectInstance(KClassImpl.kt:119) ~[kotlin-reflect-2.0.0.jar:2.0.0-release-341]
	at kotlin.reflect.jvm.internal.KClassImpl.getObjectInstance(KClassImpl.kt:253) ~[kotlin-reflect-2.0.0.jar:2.0.0-release-341]
	at net.rk4z.beacon.EventBus.registerAllListeners(EventBus.kt:154) ~[beacon-1.2.5.jar:?]
	at net.rk4z.fabricord.Initializer.onInitialize(Initializer.kt:13) ~[main/:?]
	at net.fabricmc.loader.impl.FabricLoaderImpl.invokeEntrypoints(FabricLoaderImpl.java:384) ~[fabric-loader-0.15.11.jar:?]
	... 6 more
Caused by: java.lang.IllegalStateException: This listener is not registered: Fabricord
	at net.rk4z.fabricord.Fabricord.<clinit>(Fabricord.kt:82) ~[main/:?]
	at jdk.internal.misc.Unsafe.ensureClassInitialized0(Native Method) ~[?:?]
	at jdk.internal.misc.Unsafe.ensureClassInitialized(Unsafe.java:1160) ~[?:?]
	at jdk.internal.reflect.MethodHandleAccessorFactory.ensureClassInitialized(MethodHandleAccessorFactory.java:300) ~[?:?]
	at jdk.internal.reflect.MethodHandleAccessorFactory.newFieldAccessor(MethodHandleAccessorFactory.java:140) ~[?:?]
	at jdk.internal.reflect.ReflectionFactory.newFieldAccessor(ReflectionFactory.java:145) ~[?:?]
	at java.lang.reflect.Field.acquireFieldAccessor(Field.java:1185) ~[?:?]
	at java.lang.reflect.Field.getFieldAccessor(Field.java:1164) ~[?:?]
	at java.lang.reflect.Field.get(Field.java:442) ~[?:?]
	at kotlin.reflect.jvm.internal.KClassImpl$Data.objectInstance_delegate$lambda$11(KClassImpl.kt:128) ~[kotlin-reflect-2.0.0.jar:2.0.0-release-341]
	at kotlin.reflect.jvm.internal.KClassImpl$Data.accessor$KClassImpl$Data$lambda6(KClassImpl.kt) ~[kotlin-reflect-2.0.0.jar:2.0.0-release-341]
	at kotlin.reflect.jvm.internal.KClassImpl$Data$$Lambda$6.invoke(Unknown Source) ~[kotlin-reflect-2.0.0.jar:2.0.0-release-341]
	at kotlin.SafePublicationLazyImpl.getValue(LazyJVM.kt:107) ~[kotlin-stdlib-2.0.0.jar:2.0.0-release-341]
	at kotlin.reflect.jvm.internal.KClassImpl$Data.getObjectInstance(KClassImpl.kt:119) ~[kotlin-reflect-2.0.0.jar:2.0.0-release-341]
	at kotlin.reflect.jvm.internal.KClassImpl.getObjectInstance(KClassImpl.kt:253) ~[kotlin-reflect-2.0.0.jar:2.0.0-release-341]
	at net.rk4z.beacon.EventBus.registerAllListeners(EventBus.kt:154) ~[beacon-1.2.5.jar:?]
	at net.rk4z.fabricord.Initializer.onInitialize(Initializer.kt:13) ~[main/:?]
	at net.fabricmc.loader.impl.FabricLoaderImpl.invokeEntrypoints(FabricLoaderImpl.java:384) ~[fabric-loader-0.15.11.jar:?]
	... 6 more
